COM8:
AT



OK


ATZ



OK


AT^DUSBDEG=1,1



OK


AT^DUSBDEG=2,1



OK


AT^DUSBDEG=3,1



OK


AT^DUSBDEG=4,1



OK


AT^DGPIOSM=1



OK


AT^DSQ=1



OK


AT+CRC=1



OK


AT^DSCI=1



OK


AT^DCPI=1



OK


AT+CREG=1



OK


AT+CMER=2,0,0,2



OK


AT^DACTI=1



OK


AT+CFUN=5



^DUSIMU: 1



^DPROFI: 0




OK


AT^DVTABLE=2,2,1



OK


AT^DVTTYPE=3



OK


AT+CFUN=1



OK


AT+COPS=0



OK



+CREG: 2



^DSQU: 0


AT^DSTM=1,1,2


^DCINFO: 0,0,1,0



^DSQU: 62




+CREG: 1



+CIEV: 2,4



+CIEV: 8,0




^DCALLPI


COM9:
AT^DVTCHL=1



^DSCI: 1,1,4,0,0,"13811363593",161,,,0,"",0


ATA



+CRING: VOICE



+CLIP: "13811363593",161,"",,"",0



+CRING: VOICE



+CLIP: "13811363593",161,"",,"",0



^HTCDIS: 10



^DSCI: 1,1,6,0,0,"13811363593",161,,16,128,"",0



+CME ERROR: 600 //AT command aborted