Load module: GPhone.exe
Load module: WS2.dll
Load module: LPCRT.dll
Load module: RPCRT4.dll
Load module: ole32.dll
Load module: OLEAUT32.dll
Load module: FPCRT.dll
Load module: commctrl.dll
Load module: coredll.dll
Load module: aygshell.dll
Platform Type : SMDK6410
COM8:
AT


OK


ATZ


OK


AT^DUSBDEG=1,1


OK


AT^DUSBDEG=2,1


OK


AT^DUSBDEG=3,1


OK


AT^DUSBDEG=4,1


OK


AT^DGPIOSM=1


OK


AT^DSQ=1


OK


AT+CRC=1


OK


AT^DSCI=1


OK


AT^DCPI=1


OK


AT+CREG=1


OK


AT+CMER=2,0,0,2


OK


AT^DACTI=1


OK


AT^DUSIMR=1


OK


AT+CFUN=5


^DUSIMU: 1



^DPROFI: 0




OK


AT^DVTABLE=1,1,1


OK


AT^DVTTYPE=3


OK


AT+CFUN=1


OK


AT^DCINFO=1


OK


AT+CGMR


+CGMR: LC6311_2.00.10.P01



OK


AT^DDTM=1,2


OK


AT+COPS=0


OK



+CREG: 2



^DSQU: 0


AT^DSTM?


^DSTM: 0,1,2



OK




^DCINFO: 0,0,1,0



^DSQU: 40



^DCALLPI




+CREG: 1



+CIEV: 2,2



+CIEV: 8,0


Load module: SampleGrabberFilter.dll
Load module: dump.dll
Load module: quartz.dll
Load module: MMTimer.dll
Load module: urlmon.dll
Load module: SHLWAPI.dll
Load module: WININET.dll
Load module: iphlpapi.dll
COM6:
AT^DVTCHL=1
103
AT^DVTDIAL=18811038175,,0
currentState is 0, event is 4


^DSCI: 1,0,2,1,0,"18811038175",129,1,,127,"",255



^DCPI: 0,0,0,1




^DCPI: 0,3,0,1




^HTCDIS: 12



^DSCI: 1,0,6,1,0,"18811038175",129,1,18,128,"",255



^DCPI: 0,1,0,1



NO DIALTONE



^DVTCLOSED


currentState is 4, event is 9
AT^DVTDIAL=18811038175,,0
currentState is 4, event is 4


^DSCI: 1,0,2,1,0,"18811038175",129,1,,127,"",255



^DCPI: 0,0,0,1




^DCPI: 0,3,0,1




^DCPI: 0,4,0,1



^DSCI: 1,0,3,1,0,"18811038175",129,1,,128,"",255



^DCPI: 0,2,0,1




^DCPI: 0,6,0,1



+COLP: "",0,"",0



^DSCI: 1,0,0,1,0,"18811038175",129,1,,128,"",0



OK


currentState is 4, event is 5


^DVTCODEC: 1



^DVTCODEC: 3,1,0,1,176,144,0,1000,0,0,0,0,0,0,0,0,0,0,0,0,0,0,0,0,0,0,0,0,0,0,0,0,0,0,0,0,0,0,0,0,0,0,0,0,0,0,0,0,0,0,0,0,0,0,0,0,0,0,0,0,0,0,0,0,0,0,0,0,0,0,0,0,0,0,0,0,0,0,0,0,0,0,0,0,0,0,0,0,0,0,0,0,0,0,0,0,0,0,0,0,0,0,0,0,0,0,0,0,0,0,0,0,0,0,0,0,0,0,0,0,0,0,0,0,0,0,0,0,0,0,0,0,0,0,0,0,0,0,0,0,10,20,0,0,0,0,0,0,0,1


currentState is 4, event is 17
AT^DVTCODEC=1
currentState is 5, event is 18
AT^DVTCODEC=3,1,0,1,176,144,0,1000,0,0,0,0,0,0,0,0,0,0,0,0,0,0,0,0,0,0,0,0,0,0,0,0,0,0,0,0,0,0,0,0,0,0,0,0,0,0,0,0,0,0,0,0,0,0,0,0,0,0,0,0,0,0,0,0,0,0,0,0,0,0,0,0,0,0,0,0,0,0,0,0,0,0,0,0,0,0,0,0,0,0,0,0,0,0,0,0,0,0,0,0,0,0,0,0,0,0,0,0,0,0,0,0,0,0,0,0,0,0,0,0,0,0,0,0,0,0,0,0,0,0,0,0,0,0,0,0,0,0,0,0,10,20,0,0,0,0,0,0,0,0


OK



+CME ERROR: 100


24094
12152
6701
16926
11146
20741
15343
17396
32768
20854
17997
19676
7062
15307
32768
913
24881
22215
4531
10784
31311
1027
16149
11054
4205
17481
20883
12322

32768
14901
15344
4198
13293
7407
6658
16145
13448
18072
15017
2604
13900
17825
4708
9324
648
6957
32226
17931
5597
13509
7203
4036
1593
809
7257
2999
8744
4724
4428
6794
4023
3098
5464
4351
2877
6071
7448
10196
15823
9374
26245
5157
7918
3741

7829
5106
30283
6512
10739
3785
16045
4040
6721
8740
8179
14646
8109
1859
24855
21587
6076
16220
4224
13626
15570
4880

10880


^HTCDIS: 10



^DSCI: 1,0,6,1,0,"18811038175",129,1,16,128,"",0



^DVTCLOSED


currentState is 6, event is 9


^DVTCODEC: 2


currentState is 7, event is 20




Load module: GPhone.exe
Load module: WS2.dll
Load module: LPCRT.dll
Load module: RPCRT4.dll
Load module: ole32.dll
Load module: OLEAUT32.dll
Load module: FPCRT.dll
Load module: commctrl.dll
Load module: coredll.dll
Load module: aygshell.dll
Platform Type : SMDK6410
COM8:
AT


OK


ATZ


OK


AT^DUSBDEG=1,1


OK


AT^DUSBDEG=2,1


OK


AT^DUSBDEG=3,1


OK


AT^DUSBDEG=4,1


OK


AT^DGPIOSM=1


OK


AT^DSQ=1


OK


AT+CRC=1


OK


AT^DSCI=1


OK


AT^DCPI=1


OK


AT+CREG=1


OK


AT+CMER=2,0,0,2


OK


AT^DACTI=1


OK


AT^DUSIMR=1


OK


AT+CFUN=5


^DUSIMU: 1



^DPROFI: 0




OK


AT^DVTABLE=1,1,1


OK


AT^DVTTYPE=3


OK


AT+CFUN=1


OK


AT^DCINFO=1


OK


AT+CGMR


+CGMR: LC6311_2.00.10.P01



OK


AT^DDTM=1,2


OK


AT+COPS=0


OK



+CREG: 2



^DSQU: 0


AT^DSTM?


^DSTM: 0,1,2



OK




^DCINFO: 0,0,1,0



^DSQU: 43




^DCALLPI




+CREG: 1



+CIEV: 2,3



+CIEV: 8,0


Load module: SampleGrabberFilter.dll
Load module: dump.dll
Load module: quartz.dll
Load module: MMTimer.dll
Load module: urlmon.dll
Load module: SHLWAPI.dll
Load module: WININET.dll
Load module: iphlpapi.dll
COM6:
AT^DVTCHL=1


^DSQU: 40



+CIEV: 2,2


AT^DVTDIAL=18811038175,,0
currentState is 0, event is 4


^DSCI: 1,0,2,1,0,"18811038175",129,1,,127,"",255



^DCPI: 0,0,0,1




^DCPI: 0,3,0,1




^HTCDIS: 12



^DSCI: 1,0,6,1,0,"18811038175",129,1,18,128,"",255



^DCPI: 0,1,0,1



NO DIALTONE



^DVTCLOSED


currentState is 4, event is 9
AT^DVTDIAL=18811038175,,0
currentState is 4, event is 4


^DSCI: 1,0,2,1,0,"18811038175",129,1,,127,"",255



^DCPI: 0,0,0,1




^DCPI: 0,3,0,1




^HTCDIS: 12



^DSCI: 1,0,6,1,0,"18811038175",129,1,18,128,"",255



^DCPI: 0,1,0,1



NO DIALTONE



^DVTCLOSED


currentState is 4, event is 9


^DSQU: 23



+CIEV: 2,1



^DSQU: 32



+CIEV: 2,2




^DSQU: 23



+CIEV: 2,1




^DSQU: 8



+CIEV: 2,0




^DSQU: 33



+CIEV: 2,2



^DSQU: 24



+CIEV: 2,1




^DSQU: 6



+CIEV: 2,0



^DSQU: 30



+CIEV: 2,2




^DSQU: 23



+CIEV: 2,1



^DSQU: 0



+CIEV: 2,0




^DCINFO: 0,0,1,0



^DSQU: 42



+CIEV: 2,3




^DSQU: 40



+CIEV: 2,2


AT^DVTDIAL=18811038175,,0
currentState is 4, event is 4


^DSCI: 1,0,2,1,0,"18811038175",129,1,,127,"",255



^DCPI: 0,0,0,1




^DCPI: 0,3,0,1




^DCPI: 0,4,0,1



^DCPI: 0,2,0,1



^DSCI: 1,0,3,1,0,"18811038175",129,1,,128,"",255




+COLP: "",0,"",0



^DSCI: 1,0,0,1,0,"18811038175",129,1,,128,"",0



^DCPI: 0,6,0,1



OK


currentState is 4, event is 5


^DVTCODEC: 1



^DVTCODEC: 3,1,0,1,176,144,0,1000,0,0,0,0,0,0,0,0,0,0,0,0,0,0,0,0,0,0,0,0,0,0,0,0,0,0,0,0,0,0,0,0,0,0,0,0,0,0,0,0,0,0,0,0,0,0,0,0,0,0,0,0,0,0,0,0,0,0,0,0,0,0,0,0,0,0,0,0,0,0,0,0,0,0,0,0,0,0,0,0,0,0,0,0,0,0,0,0,0,0,0,0,0,0,0,0,0,0,0,0,0,0,0,0,0,0,0,0,0,0,0,0,0,0,0,0,0,0,0,0,0,0,0,0,0,0,0,0,0,0,0,0,10,20,0,0,0,0,0,0,0,1


currentState is 4, event is 17
AT^DVTCODEC=1
currentState is 5, event is 18
AT^DVTCODEC=3


OK



OK





^HTCDIS: 10



^DSCI: 1,0,6,1,0,"18811038175",129,1,16,128,"",0



^DVTCLOSED


currentState is 6, event is 9


^DSQU: 24



+CIEV: 2,1




^DSQU: 0



+CIEV: 2,0




^DSQU: 42



+CIEV: 2,3



^DCINFO: 0,0,1,0




^DSQU: 40



+CIEV: 2,2




^DSQU: 22



+CIEV: 2,1




^DSQU: 29



+CIEV: 2,2




^DSQU: 0



+CIEV: 2,0




^DCINFO: 0,0,1,0



^DSQU: 40



+CIEV: 2,2




^DSQU: 24



+CIEV: 2,1




^DSQU: 8



+CIEV: 2,0




^DSQU: 36



+CIEV: 2,2



^DCINFO: 0,0,1,0




^DSQU: 0



+CIEV: 2,0




^DCINFO: 0,0,1,0




^DSQU: 40



+CIEV: 2,2




^DSQU: 24



+CIEV: 2,1




^DSQU: 0



+CIEV: 2,0




^DCINFO: 0,0,1,0




^DSQU: 39



+CIEV: 2,2


